0 info it worked if it ends with ok
1 verbose cli [ 'C:\\Program Files\\nodejs\\node.exe',
1 verbose cli   'C:\\Users\\alehnert\\AppData\\Roaming\\npm\\node_modules\\npm\\bin\\npm-cli.js',
1 verbose cli   'install',
1 verbose cli   'i2c@0.1.8' ]
2 info using npm@3.7.1
3 info using node@v0.10.44
4 silly loadCurrentTree Starting
5 silly install loadCurrentTree
6 silly install readLocalPackageData
7 silly fetchPackageMetaData i2c@0.1.8
8 silly fetchNamedPackageData i2c
9 silly mapToRegistry name i2c
10 silly mapToRegistry using default registry
11 silly mapToRegistry registry https://registry.npmjs.org/
12 silly mapToRegistry uri https://registry.npmjs.org/i2c
13 verbose request uri https://registry.npmjs.org/i2c
14 verbose request no auth needed
15 info attempt registry request try #1 at 16:15:21
16 verbose request id e482ebe908fa1313
17 verbose etag "90UCDD7LM2VCL5PIKOLXEQM5E"
18 http request GET https://registry.npmjs.org/i2c
19 http 200 https://registry.npmjs.org/i2c
20 verbose headers { server: 'CouchDB/1.5.0 (Erlang OTP/R16B03)',
20 verbose headers   etag: '"257VBEY7KGWEC1KNB9C5R287P"',
20 verbose headers   'content-type': 'application/json',
20 verbose headers   'content-encoding': 'gzip',
20 verbose headers   'cache-control': 'max-age=300',
20 verbose headers   'content-length': '3472',
20 verbose headers   'accept-ranges': 'bytes',
20 verbose headers   date: 'Mon, 20 Jun 2016 14:15:25 GMT',
20 verbose headers   via: '1.1 varnish',
20 verbose headers   age: '0',
20 verbose headers   connection: 'keep-alive',
20 verbose headers   'x-served-by': 'cache-fra1240-FRA',
20 verbose headers   'x-cache': 'HIT',
20 verbose headers   'x-cache-hits': '1',
20 verbose headers   'x-timer': 'S1466432125.271812,VS0,VE189',
20 verbose headers   vary: 'Accept-Encoding' }
21 silly get cb [ 200,
21 silly get   { server: 'CouchDB/1.5.0 (Erlang OTP/R16B03)',
21 silly get     etag: '"257VBEY7KGWEC1KNB9C5R287P"',
21 silly get     'content-type': 'application/json',
21 silly get     'content-encoding': 'gzip',
21 silly get     'cache-control': 'max-age=300',
21 silly get     'content-length': '3472',
21 silly get     'accept-ranges': 'bytes',
21 silly get     date: 'Mon, 20 Jun 2016 14:15:25 GMT',
21 silly get     via: '1.1 varnish',
21 silly get     age: '0',
21 silly get     connection: 'keep-alive',
21 silly get     'x-served-by': 'cache-fra1240-FRA',
21 silly get     'x-cache': 'HIT',
21 silly get     'x-cache-hits': '1',
21 silly get     'x-timer': 'S1466432125.271812,VS0,VE189',
21 silly get     vary: 'Accept-Encoding' } ]
22 verbose get saving i2c to C:\Users\alehnert\AppData\Roaming\npm-cache\registry.npmjs.org\i2c\.cache.json
23 verbose correctMkdir C:\Users\alehnert\AppData\Roaming\npm-cache correctMkdir not in flight; initializing
24 silly install normalizeTree
25 silly loadCurrentTree Finishing
26 silly loadIdealTree Starting
27 silly install loadIdealTree
28 silly cloneCurrentTree Starting
29 silly install cloneCurrentTreeToIdealTree
30 silly cloneCurrentTree Finishing
31 silly loadShrinkwrap Starting
32 silly install loadShrinkwrap
33 silly loadShrinkwrap Finishing
34 silly loadAllDepsIntoIdealTree Starting
35 silly install loadAllDepsIntoIdealTree
36 silly resolveWithNewModule i2c@0.1.8 checking installable status
37 silly cache add args [ 'i2c@0.1.8', null ]
38 verbose cache add spec i2c@0.1.8
39 silly cache add parsed spec { raw: 'i2c@0.1.8',
39 silly cache add   scope: null,
39 silly cache add   name: 'i2c',
39 silly cache add   rawSpec: '0.1.8',
39 silly cache add   spec: '0.1.8',
39 silly cache add   type: 'version' }
40 silly addNamed i2c@0.1.8
41 verbose addNamed "0.1.8" is a plain semver version for i2c
42 silly mapToRegistry name i2c
43 silly mapToRegistry using default registry
44 silly mapToRegistry registry https://registry.npmjs.org/
45 silly mapToRegistry uri https://registry.npmjs.org/i2c
46 verbose addNameVersion registry:https://registry.npmjs.org/i2c not in flight; fetching
47 verbose get https://registry.npmjs.org/i2c not expired, no request
48 silly cache afterAdd i2c@0.1.8
49 verbose afterAdd C:\Users\alehnert\AppData\Roaming\npm-cache\i2c\0.1.8\package\package.json not in flight; writing
50 verbose correctMkdir C:\Users\alehnert\AppData\Roaming\npm-cache correctMkdir not in flight; initializing
51 verbose afterAdd C:\Users\alehnert\AppData\Roaming\npm-cache\i2c\0.1.8\package\package.json written
52 silly fetchNamedPackageData bindings
53 silly mapToRegistry name bindings
54 silly mapToRegistry using default registry
55 silly mapToRegistry registry https://registry.npmjs.org/
56 silly mapToRegistry uri https://registry.npmjs.org/bindings
57 silly fetchNamedPackageData underscore
58 silly mapToRegistry name underscore
59 silly mapToRegistry using default registry
60 silly mapToRegistry registry https://registry.npmjs.org/
61 silly mapToRegistry uri https://registry.npmjs.org/underscore
62 silly fetchNamedPackageData coffee-script
63 silly mapToRegistry name coffee-script
64 silly mapToRegistry using default registry
65 silly mapToRegistry registry https://registry.npmjs.org/
66 silly mapToRegistry uri https://registry.npmjs.org/coffee-script
67 silly fetchNamedPackageData repl
68 silly mapToRegistry name repl
69 silly mapToRegistry using default registry
70 silly mapToRegistry registry https://registry.npmjs.org/
71 silly mapToRegistry uri https://registry.npmjs.org/repl
72 verbose request uri https://registry.npmjs.org/underscore
73 verbose request no auth needed
74 info attempt registry request try #1 at 16:15:21
75 verbose etag "CV0V3NMCOTFQBF77R2K2W9IQ0"
76 http request GET https://registry.npmjs.org/underscore
77 verbose request uri https://registry.npmjs.org/coffee-script
78 verbose request no auth needed
79 info attempt registry request try #1 at 16:15:21
80 verbose etag "46L2U4TZZ7D8CK55748TENPXM"
81 http request GET https://registry.npmjs.org/coffee-script
82 verbose request uri https://registry.npmjs.org/bindings
83 verbose request no auth needed
84 info attempt registry request try #1 at 16:15:21
85 verbose etag "253W71VM8OY14XUCQXE1CJV6W"
86 http request GET https://registry.npmjs.org/bindings
87 verbose request uri https://registry.npmjs.org/repl
88 verbose request no auth needed
89 info attempt registry request try #1 at 16:15:21
90 verbose etag "B2YIZ9SHIPM70CR4ZZI8WJ13O"
91 http request GET https://registry.npmjs.org/repl
92 http 200 https://registry.npmjs.org/underscore
93 verbose headers { server: 'CouchDB/1.5.0 (Erlang OTP/R16B03)',
93 verbose headers   etag: '"52C3J3Q9WA2NHCBD1EQUHRC4S"',
93 verbose headers   'content-type': 'application/json',
93 verbose headers   'content-encoding': 'gzip',
93 verbose headers   'cache-control': 'max-age=300',
93 verbose headers   'content-length': '7787',
93 verbose headers   'accept-ranges': 'bytes',
93 verbose headers   date: 'Mon, 20 Jun 2016 14:15:25 GMT',
93 verbose headers   via: '1.1 varnish',
93 verbose headers   age: '121',
93 verbose headers   connection: 'keep-alive',
93 verbose headers   'x-served-by': 'cache-fra1246-FRA',
93 verbose headers   'x-cache': 'HIT',
93 verbose headers   'x-cache-hits': '11',
93 verbose headers   'x-timer': 'S1466432125.602511,VS0,VE0',
93 verbose headers   vary: 'Accept-Encoding' }
94 silly get cb [ 200,
94 silly get   { server: 'CouchDB/1.5.0 (Erlang OTP/R16B03)',
94 silly get     etag: '"52C3J3Q9WA2NHCBD1EQUHRC4S"',
94 silly get     'content-type': 'application/json',
94 silly get     'content-encoding': 'gzip',
94 silly get     'cache-control': 'max-age=300',
94 silly get     'content-length': '7787',
94 silly get     'accept-ranges': 'bytes',
94 silly get     date: 'Mon, 20 Jun 2016 14:15:25 GMT',
94 silly get     via: '1.1 varnish',
94 silly get     age: '121',
94 silly get     connection: 'keep-alive',
94 silly get     'x-served-by': 'cache-fra1246-FRA',
94 silly get     'x-cache': 'HIT',
94 silly get     'x-cache-hits': '11',
94 silly get     'x-timer': 'S1466432125.602511,VS0,VE0',
94 silly get     vary: 'Accept-Encoding' } ]
95 verbose get saving underscore to C:\Users\alehnert\AppData\Roaming\npm-cache\registry.npmjs.org\underscore\.cache.json
96 verbose correctMkdir C:\Users\alehnert\AppData\Roaming\npm-cache correctMkdir not in flight; initializing
97 silly resolveWithNewModule underscore@1.2.4 checking installable status
98 silly cache add args [ 'underscore@1.2.4', null ]
99 verbose cache add spec underscore@1.2.4
100 silly cache add parsed spec { raw: 'underscore@1.2.4',
100 silly cache add   scope: null,
100 silly cache add   name: 'underscore',
100 silly cache add   rawSpec: '1.2.4',
100 silly cache add   spec: '1.2.4',
100 silly cache add   type: 'version' }
101 silly addNamed underscore@1.2.4
102 verbose addNamed "1.2.4" is a plain semver version for underscore
103 silly mapToRegistry name underscore
104 silly mapToRegistry using default registry
105 silly mapToRegistry registry https://registry.npmjs.org/
106 silly mapToRegistry uri https://registry.npmjs.org/underscore
107 verbose addNameVersion registry:https://registry.npmjs.org/underscore not in flight; fetching
108 http 200 https://registry.npmjs.org/bindings
109 verbose headers { server: 'CouchDB/1.5.0 (Erlang OTP/R16B03)',
109 verbose headers   etag: '"33TX4J3DNTGF7K41ZUV6OA182"',
109 verbose headers   'content-type': 'application/json',
109 verbose headers   'content-encoding': 'gzip',
109 verbose headers   'cache-control': 'max-age=300',
109 verbose headers   'content-length': '3804',
109 verbose headers   'accept-ranges': 'bytes',
109 verbose headers   date: 'Mon, 20 Jun 2016 14:15:25 GMT',
109 verbose headers   via: '1.1 varnish',
109 verbose headers   age: '85',
109 verbose headers   connection: 'keep-alive',
109 verbose headers   'x-served-by': 'cache-fra1227-FRA',
109 verbose headers   'x-cache': 'HIT',
109 verbose headers   'x-cache-hits': '4',
109 verbose headers   'x-timer': 'S1466432125.607222,VS0,VE0',
109 verbose headers   vary: 'Accept-Encoding' }
110 silly get cb [ 200,
110 silly get   { server: 'CouchDB/1.5.0 (Erlang OTP/R16B03)',
110 silly get     etag: '"33TX4J3DNTGF7K41ZUV6OA182"',
110 silly get     'content-type': 'application/json',
110 silly get     'content-encoding': 'gzip',
110 silly get     'cache-control': 'max-age=300',
110 silly get     'content-length': '3804',
110 silly get     'accept-ranges': 'bytes',
110 silly get     date: 'Mon, 20 Jun 2016 14:15:25 GMT',
110 silly get     via: '1.1 varnish',
110 silly get     age: '85',
110 silly get     connection: 'keep-alive',
110 silly get     'x-served-by': 'cache-fra1227-FRA',
110 silly get     'x-cache': 'HIT',
110 silly get     'x-cache-hits': '4',
110 silly get     'x-timer': 'S1466432125.607222,VS0,VE0',
110 silly get     vary: 'Accept-Encoding' } ]
111 verbose get saving bindings to C:\Users\alehnert\AppData\Roaming\npm-cache\registry.npmjs.org\bindings\.cache.json
112 verbose correctMkdir C:\Users\alehnert\AppData\Roaming\npm-cache correctMkdir not in flight; initializing
113 http 200 https://registry.npmjs.org/coffee-script
114 verbose headers { server: 'CouchDB/1.5.0 (Erlang OTP/R16B03)',
114 verbose headers   etag: '"1G89I2QK2FMU4W9V3LLGHZ4JJ"',
114 verbose headers   'content-type': 'application/json',
114 verbose headers   'content-encoding': 'gzip',
114 verbose headers   'cache-control': 'max-age=300',
114 verbose headers   'content-length': '7310',
114 verbose headers   'accept-ranges': 'bytes',
114 verbose headers   date: 'Mon, 20 Jun 2016 14:15:25 GMT',
114 verbose headers   via: '1.1 varnish',
114 verbose headers   age: '253',
114 verbose headers   connection: 'keep-alive',
114 verbose headers   'x-served-by': 'cache-fra1225-FRA',
114 verbose headers   'x-cache': 'HIT',
114 verbose headers   'x-cache-hits': '8',
114 verbose headers   'x-timer': 'S1466432125.608779,VS0,VE0',
114 verbose headers   vary: 'Accept-Encoding' }
115 silly get cb [ 200,
115 silly get   { server: 'CouchDB/1.5.0 (Erlang OTP/R16B03)',
115 silly get     etag: '"1G89I2QK2FMU4W9V3LLGHZ4JJ"',
115 silly get     'content-type': 'application/json',
115 silly get     'content-encoding': 'gzip',
115 silly get     'cache-control': 'max-age=300',
115 silly get     'content-length': '7310',
115 silly get     'accept-ranges': 'bytes',
115 silly get     date: 'Mon, 20 Jun 2016 14:15:25 GMT',
115 silly get     via: '1.1 varnish',
115 silly get     age: '253',
115 silly get     connection: 'keep-alive',
115 silly get     'x-served-by': 'cache-fra1225-FRA',
115 silly get     'x-cache': 'HIT',
115 silly get     'x-cache-hits': '8',
115 silly get     'x-timer': 'S1466432125.608779,VS0,VE0',
115 silly get     vary: 'Accept-Encoding' } ]
116 verbose get saving coffee-script to C:\Users\alehnert\AppData\Roaming\npm-cache\registry.npmjs.org\coffee-script\.cache.json
117 verbose correctMkdir C:\Users\alehnert\AppData\Roaming\npm-cache correctMkdir not in flight; initializing
118 verbose get https://registry.npmjs.org/underscore not expired, no request
119 silly resolveWithNewModule coffee-script@1.3.3 checking installable status
120 silly cache add args [ 'coffee-script@1.3.3', null ]
121 verbose cache add spec coffee-script@1.3.3
122 silly cache add parsed spec { raw: 'coffee-script@1.3.3',
122 silly cache add   scope: null,
122 silly cache add   name: 'coffee-script',
122 silly cache add   rawSpec: '1.3.3',
122 silly cache add   spec: '1.3.3',
122 silly cache add   type: 'version' }
123 silly addNamed coffee-script@1.3.3
124 verbose addNamed "1.3.3" is a plain semver version for coffee-script
125 silly mapToRegistry name coffee-script
126 silly mapToRegistry using default registry
127 silly mapToRegistry registry https://registry.npmjs.org/
128 silly mapToRegistry uri https://registry.npmjs.org/coffee-script
129 verbose addNameVersion registry:https://registry.npmjs.org/coffee-script not in flight; fetching
130 silly cache afterAdd underscore@1.2.4
131 verbose afterAdd C:\Users\alehnert\AppData\Roaming\npm-cache\underscore\1.2.4\package\package.json not in flight; writing
132 verbose correctMkdir C:\Users\alehnert\AppData\Roaming\npm-cache correctMkdir not in flight; initializing
133 silly resolveWithNewModule bindings@1.1.1 checking installable status
134 silly cache add args [ 'bindings@~1.1.0', null ]
135 verbose cache add spec bindings@~1.1.0
136 silly cache add parsed spec { raw: 'bindings@~1.1.0',
136 silly cache add   scope: null,
136 silly cache add   name: 'bindings',
136 silly cache add   rawSpec: '~1.1.0',
136 silly cache add   spec: '>=1.1.0 <1.2.0',
136 silly cache add   type: 'range' }
137 silly addNamed bindings@>=1.1.0 <1.2.0
138 verbose addNamed ">=1.1.0 <1.2.0" is a valid semver range for bindings
139 silly addNameRange { name: 'bindings', range: '>=1.1.0 <1.2.0', hasData: false }
140 silly mapToRegistry name bindings
141 silly mapToRegistry using default registry
142 silly mapToRegistry registry https://registry.npmjs.org/
143 silly mapToRegistry uri https://registry.npmjs.org/bindings
144 verbose addNameRange registry:https://registry.npmjs.org/bindings not in flight; fetching
145 verbose get https://registry.npmjs.org/coffee-script not expired, no request
146 verbose get https://registry.npmjs.org/bindings not expired, no request
147 silly addNameRange number 2 { name: 'bindings', range: '>=1.1.0 <1.2.0', hasData: true }
148 silly addNameRange versions [ 'bindings',
148 silly addNameRange   [ '0.0.1',
148 silly addNameRange     '0.1.0',
148 silly addNameRange     '0.1.1',
148 silly addNameRange     '0.2.0',
148 silly addNameRange     '0.2.1',
148 silly addNameRange     '0.2.2',
148 silly addNameRange     '0.2.3',
148 silly addNameRange     '0.2.4',
148 silly addNameRange     '0.3.0',
148 silly addNameRange     '0.4.0',
148 silly addNameRange     '1.0.0',
148 silly addNameRange     '1.1.0',
148 silly addNameRange     '1.1.1',
148 silly addNameRange     '1.2.0',
148 silly addNameRange     '1.2.1' ] ]
149 silly addNamed bindings@1.1.1
150 verbose addNamed "1.1.1" is a plain semver version for bindings
151 verbose afterAdd C:\Users\alehnert\AppData\Roaming\npm-cache\underscore\1.2.4\package\package.json written
152 silly cache afterAdd bindings@1.1.1
153 verbose afterAdd C:\Users\alehnert\AppData\Roaming\npm-cache\bindings\1.1.1\package\package.json not in flight; writing
154 verbose correctMkdir C:\Users\alehnert\AppData\Roaming\npm-cache correctMkdir not in flight; initializing
155 silly cache afterAdd coffee-script@1.3.3
156 verbose afterAdd C:\Users\alehnert\AppData\Roaming\npm-cache\coffee-script\1.3.3\package\package.json not in flight; writing
157 verbose correctMkdir C:\Users\alehnert\AppData\Roaming\npm-cache correctMkdir not in flight; initializing
158 verbose afterAdd C:\Users\alehnert\AppData\Roaming\npm-cache\bindings\1.1.1\package\package.json written
159 verbose afterAdd C:\Users\alehnert\AppData\Roaming\npm-cache\coffee-script\1.3.3\package\package.json written
160 http 304 https://registry.npmjs.org/repl
161 verbose headers { date: 'Mon, 20 Jun 2016 14:15:25 GMT',
161 verbose headers   via: '1.1 varnish',
161 verbose headers   'cache-control': 'max-age=300',
161 verbose headers   etag: '"B2YIZ9SHIPM70CR4ZZI8WJ13O"',
161 verbose headers   age: '0',
161 verbose headers   connection: 'keep-alive',
161 verbose headers   'x-served-by': 'cache-fra1226-FRA',
161 verbose headers   'x-cache': 'MISS',
161 verbose headers   'x-cache-hits': '0',
161 verbose headers   'x-timer': 'S1466432125.611486,VS0,VE113',
161 verbose headers   vary: 'Accept-Encoding' }
162 silly get cb [ 304,
162 silly get   { date: 'Mon, 20 Jun 2016 14:15:25 GMT',
162 silly get     via: '1.1 varnish',
162 silly get     'cache-control': 'max-age=300',
162 silly get     etag: '"B2YIZ9SHIPM70CR4ZZI8WJ13O"',
162 silly get     age: '0',
162 silly get     connection: 'keep-alive',
162 silly get     'x-served-by': 'cache-fra1226-FRA',
162 silly get     'x-cache': 'MISS',
162 silly get     'x-cache-hits': '0',
162 silly get     'x-timer': 'S1466432125.611486,VS0,VE113',
162 silly get     vary: 'Accept-Encoding' } ]
163 verbose etag https://registry.npmjs.org/repl from cache
164 verbose get saving repl to C:\Users\alehnert\AppData\Roaming\npm-cache\registry.npmjs.org\repl\.cache.json
165 verbose correctMkdir C:\Users\alehnert\AppData\Roaming\npm-cache correctMkdir not in flight; initializing
166 silly resolveWithNewModule repl@0.1.3 checking installable status
167 silly cache add args [ 'repl@0.1.3', null ]
168 verbose cache add spec repl@0.1.3
169 silly cache add parsed spec { raw: 'repl@0.1.3',
169 silly cache add   scope: null,
169 silly cache add   name: 'repl',
169 silly cache add   rawSpec: '0.1.3',
169 silly cache add   spec: '0.1.3',
169 silly cache add   type: 'version' }
170 silly addNamed repl@0.1.3
171 verbose addNamed "0.1.3" is a plain semver version for repl
172 silly mapToRegistry name repl
173 silly mapToRegistry using default registry
174 silly mapToRegistry registry https://registry.npmjs.org/
175 silly mapToRegistry uri https://registry.npmjs.org/repl
176 verbose addNameVersion registry:https://registry.npmjs.org/repl not in flight; fetching
177 verbose get https://registry.npmjs.org/repl not expired, no request
178 silly cache afterAdd repl@0.1.3
179 verbose afterAdd C:\Users\alehnert\AppData\Roaming\npm-cache\repl\0.1.3\package\package.json not in flight; writing
180 verbose correctMkdir C:\Users\alehnert\AppData\Roaming\npm-cache correctMkdir not in flight; initializing
181 verbose afterAdd C:\Users\alehnert\AppData\Roaming\npm-cache\repl\0.1.3\package\package.json written
182 silly loadAllDepsIntoIdealTree Finishing
183 silly idealTree:prePrune masterthesis-i2c-library@0.0.1
183 silly idealTree:prePrune +-- assertion-error@1.0.2
183 silly idealTree:prePrune +-- bindings@1.1.1
183 silly idealTree:prePrune +-- chai@3.5.0
183 silly idealTree:prePrune +-- coffee-script@1.3.3
183 silly idealTree:prePrune +-- commander@2.3.0
183 silly idealTree:prePrune +-- debug@2.2.0
183 silly idealTree:prePrune +-- deep-eql@0.1.3
183 silly idealTree:prePrune | `-- type-detect@0.1.1
183 silly idealTree:prePrune +-- diff@1.4.0
183 silly idealTree:prePrune +-- escape-string-regexp@1.0.2
183 silly idealTree:prePrune +-- glob@3.2.11
183 silly idealTree:prePrune +-- growl@1.9.2
183 silly idealTree:prePrune +-- i2c@0.1.8
183 silly idealTree:prePrune +-- inherits@2.0.1
183 silly idealTree:prePrune +-- jade@0.26.3
183 silly idealTree:prePrune | +-- commander@0.6.1
183 silly idealTree:prePrune | `-- mkdirp@0.3.0
183 silly idealTree:prePrune +-- lru-cache@2.7.3
183 silly idealTree:prePrune +-- minimatch@0.3.0
183 silly idealTree:prePrune +-- minimist@0.0.8
183 silly idealTree:prePrune +-- mkdirp@0.5.1
183 silly idealTree:prePrune +-- mocha@2.5.3
183 silly idealTree:prePrune +-- ms@0.7.1
183 silly idealTree:prePrune +-- repl@0.1.3
183 silly idealTree:prePrune +-- sigmund@1.0.1
183 silly idealTree:prePrune +-- supports-color@1.2.0
183 silly idealTree:prePrune +-- to-iso-string@0.0.2
183 silly idealTree:prePrune +-- type-detect@1.0.0
183 silly idealTree:prePrune `-- underscore@1.2.4
184 silly loadIdealTree Finishing
185 silly currentTree masterthesis-i2c-library@0.0.1
185 silly currentTree +-- assertion-error@1.0.2
185 silly currentTree +-- chai@3.5.0
185 silly currentTree +-- commander@2.3.0
185 silly currentTree +-- debug@2.2.0
185 silly currentTree +-- deep-eql@0.1.3
185 silly currentTree | `-- type-detect@0.1.1
185 silly currentTree +-- diff@1.4.0
185 silly currentTree +-- escape-string-regexp@1.0.2
185 silly currentTree +-- glob@3.2.11
185 silly currentTree +-- growl@1.9.2
185 silly currentTree +-- inherits@2.0.1
185 silly currentTree +-- jade@0.26.3
185 silly currentTree | +-- commander@0.6.1
185 silly currentTree | `-- mkdirp@0.3.0
185 silly currentTree +-- lru-cache@2.7.3
185 silly currentTree +-- minimatch@0.3.0
185 silly currentTree +-- minimist@0.0.8
185 silly currentTree +-- mkdirp@0.5.1
185 silly currentTree +-- mocha@2.5.3
185 silly currentTree +-- ms@0.7.1
185 silly currentTree +-- sigmund@1.0.1
185 silly currentTree +-- supports-color@1.2.0
185 silly currentTree +-- to-iso-string@0.0.2
185 silly currentTree `-- type-detect@1.0.0
186 silly idealTree masterthesis-i2c-library@0.0.1
186 silly idealTree +-- assertion-error@1.0.2
186 silly idealTree +-- bindings@1.1.1
186 silly idealTree +-- chai@3.5.0
186 silly idealTree +-- coffee-script@1.3.3
186 silly idealTree +-- commander@2.3.0
186 silly idealTree +-- debug@2.2.0
186 silly idealTree +-- deep-eql@0.1.3
186 silly idealTree | `-- type-detect@0.1.1
186 silly idealTree +-- diff@1.4.0
186 silly idealTree +-- escape-string-regexp@1.0.2
186 silly idealTree +-- glob@3.2.11
186 silly idealTree +-- growl@1.9.2
186 silly idealTree +-- i2c@0.1.8
186 silly idealTree +-- inherits@2.0.1
186 silly idealTree +-- jade@0.26.3
186 silly idealTree | +-- commander@0.6.1
186 silly idealTree | `-- mkdirp@0.3.0
186 silly idealTree +-- lru-cache@2.7.3
186 silly idealTree +-- minimatch@0.3.0
186 silly idealTree +-- minimist@0.0.8
186 silly idealTree +-- mkdirp@0.5.1
186 silly idealTree +-- mocha@2.5.3
186 silly idealTree +-- ms@0.7.1
186 silly idealTree +-- repl@0.1.3
186 silly idealTree +-- sigmund@1.0.1
186 silly idealTree +-- supports-color@1.2.0
186 silly idealTree +-- to-iso-string@0.0.2
186 silly idealTree +-- type-detect@1.0.0
186 silly idealTree `-- underscore@1.2.4
187 silly generateActionsToTake Starting
188 silly install generateActionsToTake
189 silly generateActionsToTake Finishing
190 silly diffTrees action count 5
191 silly diffTrees add bindings@1.1.1
192 silly diffTrees add coffee-script@1.3.3
193 silly diffTrees add repl@0.1.3
194 silly diffTrees add underscore@1.2.4
195 silly diffTrees add i2c@0.1.8
196 silly decomposeActions action count 40
197 silly decomposeActions fetch bindings@1.1.1
198 silly decomposeActions extract bindings@1.1.1
199 silly decomposeActions test bindings@1.1.1
200 silly decomposeActions preinstall bindings@1.1.1
201 silly decomposeActions build bindings@1.1.1
202 silly decomposeActions install bindings@1.1.1
203 silly decomposeActions postinstall bindings@1.1.1
204 silly decomposeActions finalize bindings@1.1.1
205 silly decomposeActions fetch coffee-script@1.3.3
206 silly decomposeActions extract coffee-script@1.3.3
207 silly decomposeActions test coffee-script@1.3.3
208 silly decomposeActions preinstall coffee-script@1.3.3
209 silly decomposeActions build coffee-script@1.3.3
210 silly decomposeActions install coffee-script@1.3.3
211 silly decomposeActions postinstall coffee-script@1.3.3
212 silly decomposeActions finalize coffee-script@1.3.3
213 silly decomposeActions fetch repl@0.1.3
214 silly decomposeActions extract repl@0.1.3
215 silly decomposeActions test repl@0.1.3
216 silly decomposeActions preinstall repl@0.1.3
217 silly decomposeActions build repl@0.1.3
218 silly decomposeActions install repl@0.1.3
219 silly decomposeActions postinstall repl@0.1.3
220 silly decomposeActions finalize repl@0.1.3
221 silly decomposeActions fetch underscore@1.2.4
222 silly decomposeActions extract underscore@1.2.4
223 silly decomposeActions test underscore@1.2.4
224 silly decomposeActions preinstall underscore@1.2.4
225 silly decomposeActions build underscore@1.2.4
226 silly decomposeActions install underscore@1.2.4
227 silly decomposeActions postinstall underscore@1.2.4
228 silly decomposeActions finalize underscore@1.2.4
229 silly decomposeActions fetch i2c@0.1.8
230 silly decomposeActions extract i2c@0.1.8
231 silly decomposeActions test i2c@0.1.8
232 silly decomposeActions preinstall i2c@0.1.8
233 silly decomposeActions build i2c@0.1.8
234 silly decomposeActions install i2c@0.1.8
235 silly decomposeActions postinstall i2c@0.1.8
236 silly decomposeActions finalize i2c@0.1.8
237 silly executeActions Starting
238 silly install executeActions
239 silly doSerial global-install 0
240 silly doParallel fetch 5
241 verbose correctMkdir C:\Users\alehnert\AppData\Roaming\npm-cache\_locks correctMkdir not in flight; initializing
242 verbose lock using C:\Users\alehnert\AppData\Roaming\npm-cache\_locks\staging-25bbcbe23190d992.lock for G:\alehnert\Documents\Dropbox\15 S Masterarbeit - Andre Lehnert\Raspberry\masterthesis-i2c-library\node_modules\.staging
243 silly doParallel extract 5
244 silly extract bindings@1.1.1
245 silly extract coffee-script@1.3.3
246 silly extract repl@0.1.3
247 silly extract underscore@1.2.4
248 silly extract i2c@0.1.8
249 verbose unbuild node_modules\.staging\bindings-dc0af53d
250 verbose unbuild node_modules\.staging\repl-c49d52dc
251 verbose unbuild node_modules\.staging\underscore-6bdfbff2
252 verbose unbuild node_modules\.staging\i2c-4371801b
253 verbose unbuild node_modules\.staging\coffee-script-5de56400
254 silly gentlyRm G:\alehnert\Documents\Dropbox\15 S Masterarbeit - Andre Lehnert\Raspberry\masterthesis-i2c-library\node_modules\.staging\bindings-dc0af53d is being purged from base G:\alehnert\Documents\Dropbox\15 S Masterarbeit - Andre Lehnert\Raspberry\masterthesis-i2c-library
255 verbose gentlyRm don't care about contents; nuking G:\alehnert\Documents\Dropbox\15 S Masterarbeit - Andre Lehnert\Raspberry\masterthesis-i2c-library\node_modules\.staging\bindings-dc0af53d
256 silly gentlyRm G:\alehnert\Documents\Dropbox\15 S Masterarbeit - Andre Lehnert\Raspberry\masterthesis-i2c-library\node_modules\.staging\repl-c49d52dc is being purged from base G:\alehnert\Documents\Dropbox\15 S Masterarbeit - Andre Lehnert\Raspberry\masterthesis-i2c-library
257 verbose gentlyRm don't care about contents; nuking G:\alehnert\Documents\Dropbox\15 S Masterarbeit - Andre Lehnert\Raspberry\masterthesis-i2c-library\node_modules\.staging\repl-c49d52dc
258 silly gentlyRm G:\alehnert\Documents\Dropbox\15 S Masterarbeit - Andre Lehnert\Raspberry\masterthesis-i2c-library\node_modules\.staging\underscore-6bdfbff2 is being purged from base G:\alehnert\Documents\Dropbox\15 S Masterarbeit - Andre Lehnert\Raspberry\masterthesis-i2c-library
259 verbose gentlyRm don't care about contents; nuking G:\alehnert\Documents\Dropbox\15 S Masterarbeit - Andre Lehnert\Raspberry\masterthesis-i2c-library\node_modules\.staging\underscore-6bdfbff2
260 verbose tar unpack C:\Users\alehnert\AppData\Roaming\npm-cache\bindings\1.1.1\package.tgz
261 verbose tar unpacking to G:\alehnert\Documents\Dropbox\15 S Masterarbeit - Andre Lehnert\Raspberry\masterthesis-i2c-library\node_modules\.staging\bindings-dc0af53d
262 silly gentlyRm G:\alehnert\Documents\Dropbox\15 S Masterarbeit - Andre Lehnert\Raspberry\masterthesis-i2c-library\node_modules\.staging\bindings-dc0af53d is being purged
263 verbose gentlyRm don't care about contents; nuking G:\alehnert\Documents\Dropbox\15 S Masterarbeit - Andre Lehnert\Raspberry\masterthesis-i2c-library\node_modules\.staging\bindings-dc0af53d
264 silly gentlyRm G:\alehnert\Documents\Dropbox\15 S Masterarbeit - Andre Lehnert\Raspberry\masterthesis-i2c-library\node_modules\.staging\i2c-4371801b is being purged from base G:\alehnert\Documents\Dropbox\15 S Masterarbeit - Andre Lehnert\Raspberry\masterthesis-i2c-library
265 verbose gentlyRm don't care about contents; nuking G:\alehnert\Documents\Dropbox\15 S Masterarbeit - Andre Lehnert\Raspberry\masterthesis-i2c-library\node_modules\.staging\i2c-4371801b
266 silly gentlyRm G:\alehnert\Documents\Dropbox\15 S Masterarbeit - Andre Lehnert\Raspberry\masterthesis-i2c-library\node_modules\.staging\coffee-script-5de56400 is being purged from base G:\alehnert\Documents\Dropbox\15 S Masterarbeit - Andre Lehnert\Raspberry\masterthesis-i2c-library
267 verbose gentlyRm don't care about contents; nuking G:\alehnert\Documents\Dropbox\15 S Masterarbeit - Andre Lehnert\Raspberry\masterthesis-i2c-library\node_modules\.staging\coffee-script-5de56400
268 verbose tar unpack C:\Users\alehnert\AppData\Roaming\npm-cache\repl\0.1.3\package.tgz
269 verbose tar unpacking to G:\alehnert\Documents\Dropbox\15 S Masterarbeit - Andre Lehnert\Raspberry\masterthesis-i2c-library\node_modules\.staging\repl-c49d52dc
270 silly gentlyRm G:\alehnert\Documents\Dropbox\15 S Masterarbeit - Andre Lehnert\Raspberry\masterthesis-i2c-library\node_modules\.staging\repl-c49d52dc is being purged
271 verbose gentlyRm don't care about contents; nuking G:\alehnert\Documents\Dropbox\15 S Masterarbeit - Andre Lehnert\Raspberry\masterthesis-i2c-library\node_modules\.staging\repl-c49d52dc
272 verbose tar unpack C:\Users\alehnert\AppData\Roaming\npm-cache\underscore\1.2.4\package.tgz
273 verbose tar unpacking to G:\alehnert\Documents\Dropbox\15 S Masterarbeit - Andre Lehnert\Raspberry\masterthesis-i2c-library\node_modules\.staging\underscore-6bdfbff2
274 silly gentlyRm G:\alehnert\Documents\Dropbox\15 S Masterarbeit - Andre Lehnert\Raspberry\masterthesis-i2c-library\node_modules\.staging\underscore-6bdfbff2 is being purged
275 verbose gentlyRm don't care about contents; nuking G:\alehnert\Documents\Dropbox\15 S Masterarbeit - Andre Lehnert\Raspberry\masterthesis-i2c-library\node_modules\.staging\underscore-6bdfbff2
276 silly gunzTarPerm modes [ '777', '666' ]
277 verbose tar unpack C:\Users\alehnert\AppData\Roaming\npm-cache\i2c\0.1.8\package.tgz
278 verbose tar unpacking to G:\alehnert\Documents\Dropbox\15 S Masterarbeit - Andre Lehnert\Raspberry\masterthesis-i2c-library\node_modules\.staging\i2c-4371801b
279 silly gentlyRm G:\alehnert\Documents\Dropbox\15 S Masterarbeit - Andre Lehnert\Raspberry\masterthesis-i2c-library\node_modules\.staging\i2c-4371801b is being purged
280 verbose gentlyRm don't care about contents; nuking G:\alehnert\Documents\Dropbox\15 S Masterarbeit - Andre Lehnert\Raspberry\masterthesis-i2c-library\node_modules\.staging\i2c-4371801b
281 verbose tar unpack C:\Users\alehnert\AppData\Roaming\npm-cache\coffee-script\1.3.3\package.tgz
282 verbose tar unpacking to G:\alehnert\Documents\Dropbox\15 S Masterarbeit - Andre Lehnert\Raspberry\masterthesis-i2c-library\node_modules\.staging\coffee-script-5de56400
283 silly gentlyRm G:\alehnert\Documents\Dropbox\15 S Masterarbeit - Andre Lehnert\Raspberry\masterthesis-i2c-library\node_modules\.staging\coffee-script-5de56400 is being purged
284 verbose gentlyRm don't care about contents; nuking G:\alehnert\Documents\Dropbox\15 S Masterarbeit - Andre Lehnert\Raspberry\masterthesis-i2c-library\node_modules\.staging\coffee-script-5de56400
285 silly gunzTarPerm modes [ '777', '666' ]
286 silly gunzTarPerm modes [ '777', '666' ]
287 silly gunzTarPerm modes [ '777', '666' ]
288 silly gunzTarPerm modes [ '777', '666' ]
289 silly gunzTarPerm extractEntry package.json
290 silly gunzTarPerm modified mode [ 'package.json', 420, 438 ]
291 silly gunzTarPerm extractEntry test.js
292 silly gunzTarPerm modified mode [ 'test.js', 420, 438 ]
293 silly gunzTarPerm extractEntry .gitignore
294 silly gunzTarPerm modified mode [ '.gitignore', 420, 438 ]
295 silly gunzTarPerm extractEntry package.json
296 silly gunzTarPerm modified mode [ 'package.json', 420, 438 ]
297 silly gunzTarPerm extractEntry package.json
298 silly gunzTarPerm modified mode [ 'package.json', 420, 438 ]
299 silly gunzTarPerm extractEntry README.md
300 silly gunzTarPerm modified mode [ 'README.md', 420, 438 ]
301 silly gunzTarPerm extractEntry package.json
302 silly gunzTarPerm modified mode [ 'package.json', 420, 438 ]
303 silly gunzTarPerm extractEntry README.md
304 silly gunzTarPerm modified mode [ 'README.md', 420, 438 ]
305 silly gunzTarPerm extractEntry bindings.js
306 silly gunzTarPerm modified mode [ 'bindings.js', 420, 438 ]
307 silly gunzTarPerm extractEntry .npmignore
308 silly gunzTarPerm modified mode [ '.npmignore', 420, 438 ]
309 silly gunzTarPerm extractEntry index.html
310 silly gunzTarPerm modified mode [ 'index.html', 420, 438 ]
311 silly gunzTarPerm extractEntry .npmignore
312 silly gunzTarPerm modified mode [ '.npmignore', 420, 438 ]
313 silly gunzTarPerm extractEntry README.md
314 silly gunzTarPerm modified mode [ 'README.md', 420, 438 ]
315 silly gunzTarPerm extractEntry .npmignore
316 silly gunzTarPerm modified mode [ '.npmignore', 420, 438 ]
317 silly gunzTarPerm extractEntry README
318 silly gunzTarPerm modified mode [ 'README', 420, 438 ]
319 silly gunzTarPerm extractEntry index.js
320 silly gunzTarPerm modified mode [ 'index.js', 420, 438 ]
321 silly gunzTarPerm extractEntry lib/repl.js
322 silly gunzTarPerm modified mode [ 'lib/repl.js', 420, 438 ]
323 silly gunzTarPerm extractEntry LICENSE
324 silly gunzTarPerm modified mode [ 'LICENSE', 420, 438 ]
325 silly gunzTarPerm extractEntry main.js
326 silly gunzTarPerm modified mode [ 'main.js', 420, 438 ]
327 silly gunzTarPerm extractEntry index.js
328 silly gunzTarPerm modified mode [ 'index.js', 420, 438 ]
329 silly gunzTarPerm extractEntry LICENSE
330 silly gunzTarPerm modified mode [ 'LICENSE', 420, 438 ]
331 silly gunzTarPerm extractEntry bin/cake
332 silly gunzTarPerm modified mode [ 'bin/cake', 493, 511 ]
333 silly gunzTarPerm extractEntry LICENSE
334 silly gunzTarPerm modified mode [ 'LICENSE', 420, 438 ]
335 silly gunzTarPerm extractEntry package.json
336 silly gunzTarPerm modified mode [ 'package.json', 420, 438 ]
337 silly gunzTarPerm extractEntry README
338 silly gunzTarPerm modified mode [ 'README', 420, 438 ]
339 silly gunzTarPerm extractEntry binding.gyp
340 silly gunzTarPerm modified mode [ 'binding.gyp', 420, 438 ]
341 silly gunzTarPerm extractEntry examples/accelerometer/accel.coffee
342 silly gunzTarPerm modified mode [ 'examples/accelerometer/accel.coffee', 420, 438 ]
343 silly gunzTarPerm extractEntry bin/coffee
344 silly gunzTarPerm modified mode [ 'bin/coffee', 493, 511 ]
345 silly gunzTarPerm extractEntry CNAME
346 silly gunzTarPerm modified mode [ 'CNAME', 420, 438 ]
347 silly gunzTarPerm extractEntry examples/blinkm/blinkm.coffee
348 silly gunzTarPerm modified mode [ 'examples/blinkm/blinkm.coffee', 420, 438 ]
349 silly gunzTarPerm extractEntry lib/i2c.coffee
350 silly gunzTarPerm modified mode [ 'lib/i2c.coffee', 420, 438 ]
351 silly gunzTarPerm extractEntry extras/jsl.conf
352 silly gunzTarPerm modified mode [ 'extras/jsl.conf', 420, 438 ]
353 silly gunzTarPerm extractEntry lib/coffee-script/browser.js
354 silly gunzTarPerm modified mode [ 'lib/coffee-script/browser.js', 420, 438 ]
355 silly gunzTarPerm extractEntry underscore-min.js
356 silly gunzTarPerm modified mode [ 'underscore-min.js', 420, 438 ]
357 silly gunzTarPerm extractEntry src/i2c-dev.c
358 silly gunzTarPerm modified mode [ 'src/i2c-dev.c', 420, 438 ]
359 silly gunzTarPerm extractEntry lib/coffee-script/command.js
360 silly gunzTarPerm modified mode [ 'lib/coffee-script/command.js', 420, 438 ]
361 silly gentlyRm G:\alehnert\Documents\Dropbox\15 S Masterarbeit - Andre Lehnert\Raspberry\masterthesis-i2c-library\node_modules\.staging\bindings-dc0af53d\node_modules is being purged
362 verbose gentlyRm don't care about contents; nuking G:\alehnert\Documents\Dropbox\15 S Masterarbeit - Andre Lehnert\Raspberry\masterthesis-i2c-library\node_modules\.staging\bindings-dc0af53d\node_modules
363 silly gunzTarPerm extractEntry src/i2c-dev.h
364 silly gunzTarPerm modified mode [ 'src/i2c-dev.h', 420, 438 ]
365 silly gunzTarPerm extractEntry src/i2c.cc
366 silly gunzTarPerm modified mode [ 'src/i2c.cc', 420, 438 ]
367 silly gunzTarPerm extractEntry lib/coffee-script/grammar.js
368 silly gunzTarPerm modified mode [ 'lib/coffee-script/grammar.js', 420, 438 ]
369 silly gunzTarPerm extractEntry lib/coffee-script/helpers.js
370 silly gunzTarPerm modified mode [ 'lib/coffee-script/helpers.js', 420, 438 ]
371 silly gunzTarPerm extractEntry underscore.js
372 silly gunzTarPerm modified mode [ 'underscore.js', 420, 438 ]
373 silly gentlyRm G:\alehnert\Documents\Dropbox\15 S Masterarbeit - Andre Lehnert\Raspberry\masterthesis-i2c-library\node_modules\.staging\repl-c49d52dc\node_modules is being purged
374 verbose gentlyRm don't care about contents; nuking G:\alehnert\Documents\Dropbox\15 S Masterarbeit - Andre Lehnert\Raspberry\masterthesis-i2c-library\node_modules\.staging\repl-c49d52dc\node_modules
375 silly gunzTarPerm extractEntry lib/coffee-script/index.js
376 silly gunzTarPerm modified mode [ 'lib/coffee-script/index.js', 420, 438 ]
377 silly gunzTarPerm extractEntry lib/coffee-script/coffee-script.js
378 silly gunzTarPerm modified mode [ 'lib/coffee-script/coffee-script.js', 420, 438 ]
379 silly gunzTarPerm extractEntry raw/underscore.psd
380 silly gunzTarPerm modified mode [ 'raw/underscore.psd', 420, 438 ]
381 silly gunzTarPerm extractEntry lib/coffee-script/nodes.js
382 silly gunzTarPerm modified mode [ 'lib/coffee-script/nodes.js', 420, 438 ]
383 silly gunzTarPerm extractEntry lib/coffee-script/optparse.js
384 silly gunzTarPerm modified mode [ 'lib/coffee-script/optparse.js', 420, 438 ]
385 silly gunzTarPerm extractEntry lib/coffee-script/parser.js
386 silly gunzTarPerm modified mode [ 'lib/coffee-script/parser.js', 493, 511 ]
387 silly gunzTarPerm extractEntry lib/coffee-script/repl.js
388 silly gunzTarPerm modified mode [ 'lib/coffee-script/repl.js', 420, 438 ]
389 silly gunzTarPerm extractEntry lib/coffee-script/rewriter.js
390 silly gunzTarPerm modified mode [ 'lib/coffee-script/rewriter.js', 420, 438 ]
391 silly gunzTarPerm extractEntry lib/coffee-script/cake.js
392 silly gunzTarPerm modified mode [ 'lib/coffee-script/cake.js', 420, 438 ]
393 silly gunzTarPerm extractEntry lib/coffee-script/scope.js
394 silly gunzTarPerm modified mode [ 'lib/coffee-script/scope.js', 420, 438 ]
395 silly gunzTarPerm extractEntry lib/coffee-script/lexer.js
396 silly gunzTarPerm modified mode [ 'lib/coffee-script/lexer.js', 420, 438 ]
397 silly gunzTarPerm extractEntry Rakefile
398 silly gunzTarPerm modified mode [ 'Rakefile', 420, 438 ]
399 silly gentlyRm G:\alehnert\Documents\Dropbox\15 S Masterarbeit - Andre Lehnert\Raspberry\masterthesis-i2c-library\node_modules\.staging\i2c-4371801b\node_modules is being purged
400 verbose gentlyRm don't care about contents; nuking G:\alehnert\Documents\Dropbox\15 S Masterarbeit - Andre Lehnert\Raspberry\masterthesis-i2c-library\node_modules\.staging\i2c-4371801b\node_modules
401 silly gentlyRm G:\alehnert\Documents\Dropbox\15 S Masterarbeit - Andre Lehnert\Raspberry\masterthesis-i2c-library\node_modules\.staging\underscore-6bdfbff2\node_modules is being purged
402 verbose gentlyRm don't care about contents; nuking G:\alehnert\Documents\Dropbox\15 S Masterarbeit - Andre Lehnert\Raspberry\masterthesis-i2c-library\node_modules\.staging\underscore-6bdfbff2\node_modules
403 silly gentlyRm G:\alehnert\Documents\Dropbox\15 S Masterarbeit - Andre Lehnert\Raspberry\masterthesis-i2c-library\node_modules\.staging\coffee-script-5de56400\node_modules is being purged
404 verbose gentlyRm don't care about contents; nuking G:\alehnert\Documents\Dropbox\15 S Masterarbeit - Andre Lehnert\Raspberry\masterthesis-i2c-library\node_modules\.staging\coffee-script-5de56400\node_modules
405 silly doParallel preinstall 5
406 silly preinstall bindings@1.1.1 G:\alehnert\Documents\Dropbox\15 S Masterarbeit - Andre Lehnert\Raspberry\masterthesis-i2c-library\node_modules\.staging\bindings-dc0af53d
407 info lifecycle bindings@1.1.1~preinstall: bindings@1.1.1
408 silly preinstall coffee-script@1.3.3 G:\alehnert\Documents\Dropbox\15 S Masterarbeit - Andre Lehnert\Raspberry\masterthesis-i2c-library\node_modules\.staging\coffee-script-5de56400
409 info lifecycle coffee-script@1.3.3~preinstall: coffee-script@1.3.3
410 silly preinstall repl@0.1.3 G:\alehnert\Documents\Dropbox\15 S Masterarbeit - Andre Lehnert\Raspberry\masterthesis-i2c-library\node_modules\.staging\repl-c49d52dc
411 info lifecycle repl@0.1.3~preinstall: repl@0.1.3
412 silly preinstall underscore@1.2.4 G:\alehnert\Documents\Dropbox\15 S Masterarbeit - Andre Lehnert\Raspberry\masterthesis-i2c-library\node_modules\.staging\underscore-6bdfbff2
413 info lifecycle underscore@1.2.4~preinstall: underscore@1.2.4
414 silly preinstall i2c@0.1.8 G:\alehnert\Documents\Dropbox\15 S Masterarbeit - Andre Lehnert\Raspberry\masterthesis-i2c-library\node_modules\.staging\i2c-4371801b
415 info lifecycle i2c@0.1.8~preinstall: i2c@0.1.8
416 silly lifecycle bindings@1.1.1~preinstall: no script for preinstall, continuing
417 silly lifecycle coffee-script@1.3.3~preinstall: no script for preinstall, continuing
418 silly lifecycle underscore@1.2.4~preinstall: no script for preinstall, continuing
419 silly lifecycle repl@0.1.3~preinstall: no script for preinstall, continuing
420 silly lifecycle i2c@0.1.8~preinstall: no script for preinstall, continuing
421 silly doReverseSerial remove 0
422 silly doSerial move 0
423 silly doSerial finalize 5
424 silly finalize G:\alehnert\Documents\Dropbox\15 S Masterarbeit - Andre Lehnert\Raspberry\masterthesis-i2c-library\node_modules\bindings
425 silly finalize G:\alehnert\Documents\Dropbox\15 S Masterarbeit - Andre Lehnert\Raspberry\masterthesis-i2c-library\node_modules\coffee-script
426 silly finalize G:\alehnert\Documents\Dropbox\15 S Masterarbeit - Andre Lehnert\Raspberry\masterthesis-i2c-library\node_modules\repl
427 silly finalize G:\alehnert\Documents\Dropbox\15 S Masterarbeit - Andre Lehnert\Raspberry\masterthesis-i2c-library\node_modules\underscore
428 silly finalize G:\alehnert\Documents\Dropbox\15 S Masterarbeit - Andre Lehnert\Raspberry\masterthesis-i2c-library\node_modules\i2c
429 silly doSerial build 5
430 silly build bindings@1.1.1
431 info linkStuff bindings@1.1.1
432 silly linkStuff bindings@1.1.1 has G:\alehnert\Documents\Dropbox\15 S Masterarbeit - Andre Lehnert\Raspberry\masterthesis-i2c-library\node_modules as its parent node_modules
433 verbose linkBins bindings@1.1.1
434 verbose linkMans bindings@1.1.1
435 silly build coffee-script@1.3.3
436 info linkStuff coffee-script@1.3.3
437 silly linkStuff coffee-script@1.3.3 has G:\alehnert\Documents\Dropbox\15 S Masterarbeit - Andre Lehnert\Raspberry\masterthesis-i2c-library\node_modules as its parent node_modules
438 verbose linkBins coffee-script@1.3.3
439 verbose link bins [ { coffee: './bin/coffee', cake: './bin/cake' },
439 verbose link bins   'G:\\alehnert\\Documents\\Dropbox\\15 S Masterarbeit - Andre Lehnert\\Raspberry\\masterthesis-i2c-library\\node_modules\\.bin',
439 verbose link bins   false ]
440 verbose linkMans coffee-script@1.3.3
441 silly build repl@0.1.3
442 info linkStuff repl@0.1.3
443 silly linkStuff repl@0.1.3 has G:\alehnert\Documents\Dropbox\15 S Masterarbeit - Andre Lehnert\Raspberry\masterthesis-i2c-library\node_modules as its parent node_modules
444 verbose linkBins repl@0.1.3
445 verbose linkMans repl@0.1.3
446 silly build underscore@1.2.4
447 info linkStuff underscore@1.2.4
448 silly linkStuff underscore@1.2.4 has G:\alehnert\Documents\Dropbox\15 S Masterarbeit - Andre Lehnert\Raspberry\masterthesis-i2c-library\node_modules as its parent node_modules
449 verbose linkBins underscore@1.2.4
450 verbose linkMans underscore@1.2.4
451 silly build i2c@0.1.8
452 info linkStuff i2c@0.1.8
453 silly linkStuff i2c@0.1.8 has G:\alehnert\Documents\Dropbox\15 S Masterarbeit - Andre Lehnert\Raspberry\masterthesis-i2c-library\node_modules as its parent node_modules
454 verbose linkBins i2c@0.1.8
455 verbose linkMans i2c@0.1.8
456 silly doSerial global-link 0
457 silly doParallel update-linked 0
458 silly doSerial install 5
459 silly install bindings@1.1.1 G:\alehnert\Documents\Dropbox\15 S Masterarbeit - Andre Lehnert\Raspberry\masterthesis-i2c-library\node_modules\.staging\bindings-dc0af53d
460 info lifecycle bindings@1.1.1~install: bindings@1.1.1
461 silly lifecycle bindings@1.1.1~install: no script for install, continuing
462 silly install coffee-script@1.3.3 G:\alehnert\Documents\Dropbox\15 S Masterarbeit - Andre Lehnert\Raspberry\masterthesis-i2c-library\node_modules\.staging\coffee-script-5de56400
463 info lifecycle coffee-script@1.3.3~install: coffee-script@1.3.3
464 silly lifecycle coffee-script@1.3.3~install: no script for install, continuing
465 silly install repl@0.1.3 G:\alehnert\Documents\Dropbox\15 S Masterarbeit - Andre Lehnert\Raspberry\masterthesis-i2c-library\node_modules\.staging\repl-c49d52dc
466 info lifecycle repl@0.1.3~install: repl@0.1.3
467 silly lifecycle repl@0.1.3~install: no script for install, continuing
468 silly install underscore@1.2.4 G:\alehnert\Documents\Dropbox\15 S Masterarbeit - Andre Lehnert\Raspberry\masterthesis-i2c-library\node_modules\.staging\underscore-6bdfbff2
469 info lifecycle underscore@1.2.4~install: underscore@1.2.4
470 silly lifecycle underscore@1.2.4~install: no script for install, continuing
471 silly install i2c@0.1.8 G:\alehnert\Documents\Dropbox\15 S Masterarbeit - Andre Lehnert\Raspberry\masterthesis-i2c-library\node_modules\.staging\i2c-4371801b
472 info lifecycle i2c@0.1.8~install: i2c@0.1.8
473 verbose lifecycle i2c@0.1.8~install: unsafe-perm in lifecycle true
474 verbose lifecycle i2c@0.1.8~install: PATH: C:\Users\alehnert\AppData\Roaming\npm\node_modules\npm\bin\node-gyp-bin;G:\alehnert\Documents\Dropbox\15 S Masterarbeit - Andre Lehnert\Raspberry\masterthesis-i2c-library\node_modules\i2c\node_modules\.bin;G:\alehnert\Documents\Dropbox\15 S Masterarbeit - Andre Lehnert\Raspberry\masterthesis-i2c-library\node_modules\.bin;C:\Program Files\nodejs;C:\Users\alehnert\bin;C:\Program Files (x86)\Git\mingw32\bin;C:\Program Files (x86)\Git\usr\local\bin;C:\Program Files (x86)\Git\usr\bin;C:\Program Files (x86)\Git\usr\bin;C:\Program Files (x86)\Git\mingw32\bin;C:\Program Files (x86)\Git\usr\bin;C:\Users\alehnert\bin;C:\ProgramData\Oracle\Java\javapath;C:\Windows\system32;C:\Windows;C:\Windows\System32\Wbem;C:\Windows\System32\WindowsPowerShell\v1.0;C:\Program Files (x86)\ATI Technologies\ATI.ACE\Core-Static;C:\Program Files (x86)\Skype\Phone;C:\Program Files (x86)\Heroku\bin;C:\Program Files (x86)\git\cmd;C:\Program Files\nodejs;C:\Program Files\Python2;C:\Users\alehnert\AppData\Local\atom\bin;G:\Programme\MiKTex\miktex\bin\x64;G:\Programme\texlive\2015\bin\win32;C:\Users\alehnert\AppData\Roaming\npm;C:\Program Files (x86)\Git\usr\bin\vendor_perl;C:\Program Files (x86)\Git\usr\bin\core_perl
475 verbose lifecycle i2c@0.1.8~install: CWD: G:\alehnert\Documents\Dropbox\15 S Masterarbeit - Andre Lehnert\Raspberry\masterthesis-i2c-library\node_modules\i2c
476 silly lifecycle i2c@0.1.8~install: Args: [ '/d /s /c', 'node-gyp rebuild' ]
477 silly lifecycle i2c@0.1.8~install: Returned: code: 1  signal: null
478 info lifecycle i2c@0.1.8~install: Failed to exec install script
479 verbose unlock done using C:\Users\alehnert\AppData\Roaming\npm-cache\_locks\staging-25bbcbe23190d992.lock for G:\alehnert\Documents\Dropbox\15 S Masterarbeit - Andre Lehnert\Raspberry\masterthesis-i2c-library\node_modules\.staging
480 silly rollbackFailedOptional Starting
481 silly rollbackFailedOptional Finishing
482 silly runTopLevelLifecycles Starting
483 silly runTopLevelLifecycles Finishing
484 silly install printInstalled
485 verbose stack Error: i2c@0.1.8 install: `node-gyp rebuild`
485 verbose stack Exit status 1
485 verbose stack     at EventEmitter.<anonymous> (C:\Users\alehnert\AppData\Roaming\npm\node_modules\npm\lib\utils\lifecycle.js:239:16)
485 verbose stack     at EventEmitter.emit (events.js:98:17)
485 verbose stack     at ChildProcess.<anonymous> (C:\Users\alehnert\AppData\Roaming\npm\node_modules\npm\lib\utils\spawn.js:24:14)
485 verbose stack     at ChildProcess.emit (events.js:98:17)
485 verbose stack     at maybeClose (child_process.js:766:16)
485 verbose stack     at Process.ChildProcess._handle.onexit (child_process.js:833:5)
486 verbose pkgid i2c@0.1.8
487 verbose cwd G:\alehnert\Documents\Dropbox\15 S Masterarbeit - Andre Lehnert\Raspberry\masterthesis-i2c-library
488 error Windows_NT 10.0.10586
489 error argv "C:\\Program Files\\nodejs\\node.exe" "C:\\Users\\alehnert\\AppData\\Roaming\\npm\\node_modules\\npm\\bin\\npm-cli.js" "install" "i2c@0.1.8"
490 error node v0.10.44
491 error npm  v3.7.1
492 error code ELIFECYCLE
493 error i2c@0.1.8 install: `node-gyp rebuild`
493 error Exit status 1
494 error Failed at the i2c@0.1.8 install script 'node-gyp rebuild'.
494 error Make sure you have the latest version of node.js and npm installed.
494 error If you do, this is most likely a problem with the i2c package,
494 error not with npm itself.
494 error Tell the author that this fails on your system:
494 error     node-gyp rebuild
494 error You can get information on how to open an issue for this project with:
494 error     npm bugs i2c
494 error Or if that isn't available, you can get their info via:
494 error     npm owner ls i2c
494 error There is likely additional logging output above.
495 verbose exit [ 1, true ]
